121107 17:15:09 [Note] Plugin 'FEDERATED' is disabled.
121107 17:15:09 InnoDB: The InnoDB memory heap is disabled
121107 17:15:09 InnoDB: Mutexes and rw_locks use Windows interlocked functions
121107 17:15:09 InnoDB: Compressed tables use zlib 1.2.3
121107 17:15:09 InnoDB: Initializing buffer pool, size = 16.0M
121107 17:15:09 InnoDB: Completed initialization of buffer pool
InnoDB: The first specified data file C:\xampp\mysql\data\ibdata1 did not exist:
InnoDB: a new database to be created!
121107 17:15:09  InnoDB: Setting file C:\xampp\mysql\data\ibdata1 size to 10 MB
InnoDB: Database physically writes the file full: wait...
121107 17:15:10  InnoDB: Log file C:\xampp\mysql\data\ib_logfile0 did not exist: new to be created
InnoDB: Setting log file C:\xampp\mysql\data\ib_logfile0 size to 5 MB
InnoDB: Database physically writes the file full: wait...
121107 17:15:10  InnoDB: Log file C:\xampp\mysql\data\ib_logfile1 did not exist: new to be created
InnoDB: Setting log file C:\xampp\mysql\data\ib_logfile1 size to 5 MB
InnoDB: Database physically writes the file full: wait...
InnoDB: Doublewrite buffer not found: creating new
InnoDB: Doublewrite buffer created
InnoDB: 127 rollback segment(s) active.
InnoDB: Creating foreign key constraint system tables
InnoDB: Foreign key constraint system tables created
121107 17:15:11  InnoDB: Waiting for the background threads to start
121107 17:15:12 InnoDB: 1.1.8 started; log sequence number 0
121107 17:15:12 [Note] Server hostname (bind-address): '0.0.0.0'; port: 3306
121107 17:15:12 [Note]   - '0.0.0.0' resolves to '0.0.0.0';
121107 17:15:12 [Note] Server socket created on IP: '0.0.0.0'.
121107 17:15:12 [Note] Event Scheduler: Loaded 0 events
121107 17:15:12 [Note] C:\xampp\mysql\bin\mysqld: ready for connections.
Version: '5.5.27'  socket: ''  port: 3306  MySQL Community Server (GPL)
121107 17:18:11 [Note] C:\xampp\mysql\bin\mysqld: Normal shutdown

121107 17:18:11 [Note] Event Scheduler: Purging the queue. 0 events
121107 17:18:11  InnoDB: Starting shutdown...
121107 17:18:12  InnoDB: Shutdown completed; log sequence number 1595675
121107 17:18:12 [Note] C:\xampp\mysql\bin\mysqld: Shutdown complete

121107 17:18:23 [Note] Plugin 'FEDERATED' is disabled.
121107 17:18:23 InnoDB: The InnoDB memory heap is disabled
121107 17:18:23 InnoDB: Mutexes and rw_locks use Windows interlocked functions
121107 17:18:23 InnoDB: Compressed tables use zlib 1.2.3
121107 17:18:23 InnoDB: Initializing buffer pool, size = 16.0M
121107 17:18:23 InnoDB: Completed initialization of buffer pool
121107 17:18:24 InnoDB: highest supported file format is Barracuda.
InnoDB: The log sequence number in ibdata files does not match
InnoDB: the log sequence number in the ib_logfiles!
121107 17:18:24  InnoDB: Database was not shut down normally!
InnoDB: Starting crash recovery.
InnoDB: Reading tablespace information from the .ibd files...
InnoDB: Restoring possible half-written data pages from the doublewrite
InnoDB: buffer...
121107 17:18:25  InnoDB: Waiting for the background threads to start
121107 17:18:26 InnoDB: 1.1.8 started; log sequence number 134872426
121107 17:18:26 [Note] Server hostname (bind-address): '0.0.0.0'; port: 3306
121107 17:18:26 [Note]   - '0.0.0.0' resolves to '0.0.0.0';
121107 17:18:26 [Note] Server socket created on IP: '0.0.0.0'.
121107 17:18:27 [Note] Event Scheduler: Loaded 0 events
121107 17:18:27 [Note] C:\xampp\mysql\bin\mysqld: ready for connections.
Version: '5.5.27'  socket: ''  port: 3306  MySQL Community Server (GPL)
121107 18:32:59 [Note] C:\xampp\mysql\bin\mysqld: Normal shutdown

121107 18:32:59 [Note] Event Scheduler: Purging the queue. 0 events
121107 18:32:59  InnoDB: Starting shutdown...
121107 18:32:59  InnoDB: Shutdown completed; log sequence number 134872426
121107 18:33:00 [Note] C:\xampp\mysql\bin\mysqld: Shutdown complete

121108  7:57:30 [Note] Plugin 'FEDERATED' is disabled.
121108  7:57:30 InnoDB: The InnoDB memory heap is disabled
121108  7:57:30 InnoDB: Mutexes and rw_locks use Windows interlocked functions
121108  7:57:30 InnoDB: Compressed tables use zlib 1.2.3
121108  7:57:30 InnoDB: Initializing buffer pool, size = 16.0M
121108  7:57:30 InnoDB: Completed initialization of buffer pool
121108  7:57:31 InnoDB: highest supported file format is Barracuda.
121108  7:57:33  InnoDB: Waiting for the background threads to start
121108  7:57:34 InnoDB: 1.1.8 started; log sequence number 134872426
121108  7:57:34 [Note] Server hostname (bind-address): '0.0.0.0'; port: 3306
121108  7:57:34 [Note]   - '0.0.0.0' resolves to '0.0.0.0';
121108  7:57:34 [Note] Server socket created on IP: '0.0.0.0'.
121108  7:57:36 [Note] Event Scheduler: Loaded 0 events
121108  7:57:36 [Note] C:\xampp\mysql\bin\mysqld: ready for connections.
Version: '5.5.27'  socket: ''  port: 3306  MySQL Community Server (GPL)
121108 17:38:42 [Note] C:\xampp\mysql\bin\mysqld: Normal shutdown

121108 17:38:43 [Note] Event Scheduler: Purging the queue. 0 events
121108 17:38:49  InnoDB: Starting shutdown...
121108 17:38:55  InnoDB: Shutdown completed; log sequence number 135112580
121108 17:38:55 [Note] C:\xampp\mysql\bin\mysqld: Shutdown complete

121109  8:01:04 [Note] Plugin 'FEDERATED' is disabled.
121109  8:01:04 InnoDB: The InnoDB memory heap is disabled
121109  8:01:04 InnoDB: Mutexes and rw_locks use Windows interlocked functions
121109  8:01:04 InnoDB: Compressed tables use zlib 1.2.3
121109  8:01:04 InnoDB: Initializing buffer pool, size = 16.0M
121109  8:01:04 InnoDB: Completed initialization of buffer pool
121109  8:01:04 InnoDB: highest supported file format is Barracuda.
121109  8:01:06  InnoDB: Waiting for the background threads to start
121109  8:01:07 InnoDB: 1.1.8 started; log sequence number 135112580
121109  8:01:07 [Note] Server hostname (bind-address): '0.0.0.0'; port: 3306
121109  8:01:07 [Note]   - '0.0.0.0' resolves to '0.0.0.0';
121109  8:01:07 [Note] Server socket created on IP: '0.0.0.0'.
121109  8:01:08 [Note] Event Scheduler: Loaded 0 events
121109  8:01:08 [Note] C:\xampp\mysql\bin\mysqld: ready for connections.
Version: '5.5.27'  socket: ''  port: 3306  MySQL Community Server (GPL)
121109  9:32:15 [Note] C:\xampp\mysql\bin\mysqld: Normal shutdown

121109  9:32:15 [Note] Event Scheduler: Purging the queue. 0 events
121109  9:32:15  InnoDB: Starting shutdown...
121109  9:32:16  InnoDB: Shutdown completed; log sequence number 135148865
121109  9:32:16 [Note] C:\xampp\mysql\bin\mysqld: Shutdown complete

121109 11:06:25 [Note] Plugin 'FEDERATED' is disabled.
121109 11:06:25 InnoDB: The InnoDB memory heap is disabled
121109 11:06:25 InnoDB: Mutexes and rw_locks use Windows interlocked functions
121109 11:06:25 InnoDB: Compressed tables use zlib 1.2.3
121109 11:06:25 InnoDB: Initializing buffer pool, size = 16.0M
121109 11:06:25 InnoDB: Completed initialization of buffer pool
121109 11:06:25 InnoDB: highest supported file format is Barracuda.
121109 11:06:27  InnoDB: Waiting for the background threads to start
121109 11:06:28 InnoDB: 1.1.8 started; log sequence number 135148865
121109 11:06:28 [Note] Server hostname (bind-address): '0.0.0.0'; port: 3306
121109 11:06:28 [Note]   - '0.0.0.0' resolves to '0.0.0.0';
121109 11:06:28 [Note] Server socket created on IP: '0.0.0.0'.
121109 11:06:28 [Note] Event Scheduler: Loaded 0 events
121109 11:06:28 [Note] C:\xampp\mysql\bin\mysqld: ready for connections.
Version: '5.5.27'  socket: ''  port: 3306  MySQL Community Server (GPL)
