121018  7:40:21 [Note] Plugin 'FEDERATED' is disabled.
121018  7:40:21 InnoDB: The InnoDB memory heap is disabled
121018  7:40:21 InnoDB: Mutexes and rw_locks use Windows interlocked functions
121018  7:40:21 InnoDB: Compressed tables use zlib 1.2.3
121018  7:40:21 InnoDB: Initializing buffer pool, size = 16.0M
121018  7:40:21 InnoDB: Completed initialization of buffer pool
InnoDB: The first specified data file C:\xampp\mysql\data\ibdata1 did not exist:
InnoDB: a new database to be created!
121018  7:40:21  InnoDB: Setting file C:\xampp\mysql\data\ibdata1 size to 10 MB
InnoDB: Database physically writes the file full: wait...
121018  7:40:21  InnoDB: Log file C:\xampp\mysql\data\ib_logfile0 did not exist: new to be created
InnoDB: Setting log file C:\xampp\mysql\data\ib_logfile0 size to 5 MB
InnoDB: Database physically writes the file full: wait...
121018  7:40:21  InnoDB: Log file C:\xampp\mysql\data\ib_logfile1 did not exist: new to be created
InnoDB: Setting log file C:\xampp\mysql\data\ib_logfile1 size to 5 MB
InnoDB: Database physically writes the file full: wait...
InnoDB: Doublewrite buffer not found: creating new
InnoDB: Doublewrite buffer created
InnoDB: 127 rollback segment(s) active.
InnoDB: Creating foreign key constraint system tables
InnoDB: Foreign key constraint system tables created
121018  7:40:21  InnoDB: Waiting for the background threads to start
121018  7:40:22 InnoDB: 1.1.8 started; log sequence number 0
121018  7:40:22 [Note] Server hostname (bind-address): '0.0.0.0'; port: 3306
121018  7:40:22 [Note]   - '0.0.0.0' resolves to '0.0.0.0';
121018  7:40:22 [Note] Server socket created on IP: '0.0.0.0'.
121018  7:40:22 [Note] Event Scheduler: Loaded 0 events
121018  7:40:22 [Note] c:\xampp\mysql\bin\mysqld.exe: ready for connections.
Version: '5.5.27'  socket: ''  port: 3306  MySQL Community Server (GPL)
121018 16:47:16 [Note] Plugin 'FEDERATED' is disabled.
121018 16:47:16 InnoDB: The InnoDB memory heap is disabled
121018 16:47:16 InnoDB: Mutexes and rw_locks use Windows interlocked functions
121018 16:47:16 InnoDB: Compressed tables use zlib 1.2.3
121018 16:47:16 InnoDB: Initializing buffer pool, size = 16.0M
121018 16:47:16 InnoDB: Completed initialization of buffer pool
121018 16:47:17 InnoDB: highest supported file format is Barracuda.
InnoDB: The log sequence number in ibdata files does not match
InnoDB: the log sequence number in the ib_logfiles!
121018 16:47:17  InnoDB: Database was not shut down normally!
InnoDB: Starting crash recovery.
InnoDB: Reading tablespace information from the .ibd files...
InnoDB: Restoring possible half-written data pages from the doublewrite
InnoDB: buffer...
121018 16:47:17  InnoDB: Waiting for the background threads to start
121018 16:47:18 InnoDB: 1.1.8 started; log sequence number 1595675
121018 16:47:18 [Note] Server hostname (bind-address): '0.0.0.0'; port: 3306
121018 16:47:18 [Note]   - '0.0.0.0' resolves to '0.0.0.0';
121018 16:47:18 [Note] Server socket created on IP: '0.0.0.0'.
121018 16:47:18 [Note] Event Scheduler: Loaded 0 events
121018 16:47:18 [Note] c:\xampp\mysql\bin\mysqld.exe: ready for connections.
Version: '5.5.27'  socket: ''  port: 3306  MySQL Community Server (GPL)
121018 15:54:07 [Note] Plugin 'FEDERATED' is disabled.
121018 15:54:08 InnoDB: The InnoDB memory heap is disabled
121018 15:54:08 InnoDB: Mutexes and rw_locks use Windows interlocked functions
121018 15:54:08 InnoDB: Compressed tables use zlib 1.2.3
121018 15:54:08 InnoDB: Initializing buffer pool, size = 16.0M
121018 15:54:08 InnoDB: Completed initialization of buffer pool
121018 15:54:08 InnoDB: highest supported file format is Barracuda.
InnoDB: The log sequence number in ibdata files does not match
InnoDB: the log sequence number in the ib_logfiles!
121018 15:54:08  InnoDB: Database was not shut down normally!
InnoDB: Starting crash recovery.
InnoDB: Reading tablespace information from the .ibd files...
InnoDB: Restoring possible half-written data pages from the doublewrite
InnoDB: buffer...
121018 15:54:10  InnoDB: Waiting for the background threads to start
121018 15:54:11 InnoDB: 1.1.8 started; log sequence number 22187285
121018 15:54:11 [Note] Server hostname (bind-address): '0.0.0.0'; port: 3306
121018 15:54:11 [Note]   - '0.0.0.0' resolves to '0.0.0.0';
121018 15:54:11 [Note] Server socket created on IP: '0.0.0.0'.
121018 15:54:11 [Note] Event Scheduler: Loaded 0 events
121018 15:54:11 [Note] c:\xampp\mysql\bin\mysqld.exe: ready for connections.
Version: '5.5.27'  socket: ''  port: 3306  MySQL Community Server (GPL)
121019  8:43:11 [Note] Plugin 'FEDERATED' is disabled.
121019  8:43:11 InnoDB: The InnoDB memory heap is disabled
121019  8:43:11 InnoDB: Mutexes and rw_locks use Windows interlocked functions
121019  8:43:11 InnoDB: Compressed tables use zlib 1.2.3
121019  8:43:11 InnoDB: Initializing buffer pool, size = 16.0M
121019  8:43:11 InnoDB: Completed initialization of buffer pool
121019  8:43:11 InnoDB: highest supported file format is Barracuda.
InnoDB: The log sequence number in ibdata files does not match
InnoDB: the log sequence number in the ib_logfiles!
121019  8:43:11  InnoDB: Database was not shut down normally!
InnoDB: Starting crash recovery.
InnoDB: Reading tablespace information from the .ibd files...
InnoDB: Restoring possible half-written data pages from the doublewrite
InnoDB: buffer...
121019  8:43:14  InnoDB: Waiting for the background threads to start
121019  8:43:15 InnoDB: 1.1.8 started; log sequence number 23699759
121019  8:43:15 [Note] Server hostname (bind-address): '0.0.0.0'; port: 3306
121019  8:43:15 [Note]   - '0.0.0.0' resolves to '0.0.0.0';
121019  8:43:15 [Note] Server socket created on IP: '0.0.0.0'.
121019  8:43:15 [Note] Event Scheduler: Loaded 0 events
121019  8:43:15 [Note] c:\xampp\mysql\bin\mysqld.exe: ready for connections.
Version: '5.5.27'  socket: ''  port: 3306  MySQL Community Server (GPL)
121019  8:57:31 [Note] Plugin 'FEDERATED' is disabled.
121019  8:57:31 InnoDB: The InnoDB memory heap is disabled
121019  8:57:31 InnoDB: Mutexes and rw_locks use Windows interlocked functions
121019  8:57:31 InnoDB: Compressed tables use zlib 1.2.3
121019  8:57:31 InnoDB: Initializing buffer pool, size = 16.0M
121019  8:57:31 InnoDB: Completed initialization of buffer pool
121019  8:57:31 InnoDB: highest supported file format is Barracuda.
InnoDB: The log sequence number in ibdata files does not match
InnoDB: the log sequence number in the ib_logfiles!
121019  8:57:31  InnoDB: Database was not shut down normally!
InnoDB: Starting crash recovery.
InnoDB: Reading tablespace information from the .ibd files...
InnoDB: Restoring possible half-written data pages from the doublewrite
InnoDB: buffer...
121019  8:57:31  InnoDB: Waiting for the background threads to start
121019  8:57:32 InnoDB: 1.1.8 started; log sequence number 23743228
121019  8:57:32 [Note] Server hostname (bind-address): '0.0.0.0'; port: 3306
121019  8:57:32 [Note]   - '0.0.0.0' resolves to '0.0.0.0';
121019  8:57:32 [Note] Server socket created on IP: '0.0.0.0'.
121019  8:57:32 [Note] Event Scheduler: Loaded 0 events
121019  8:57:32 [Note] mysql\bin\mysqld: ready for connections.
Version: '5.5.27'  socket: ''  port: 3306  MySQL Community Server (GPL)
121019  8:57:51 [Note] Plugin 'FEDERATED' is disabled.
121019  8:57:51 InnoDB: The InnoDB memory heap is disabled
121019  8:57:51 InnoDB: Mutexes and rw_locks use Windows interlocked functions
121019  8:57:51 InnoDB: Compressed tables use zlib 1.2.3
121019  8:57:51 InnoDB: Initializing buffer pool, size = 16.0M
121019  8:57:51 InnoDB: Completed initialization of buffer pool
121019  8:57:52 InnoDB: highest supported file format is Barracuda.
InnoDB: The log sequence number in ibdata files does not match
InnoDB: the log sequence number in the ib_logfiles!
121019  8:57:52  InnoDB: Database was not shut down normally!
InnoDB: Starting crash recovery.
InnoDB: Reading tablespace information from the .ibd files...
InnoDB: Restoring possible half-written data pages from the doublewrite
InnoDB: buffer...
121019  8:57:53  InnoDB: Waiting for the background threads to start
121019  8:57:54 InnoDB: 1.1.8 started; log sequence number 23743228
121019  8:57:54 [Note] Server hostname (bind-address): '0.0.0.0'; port: 3306
121019  8:57:54 [Note]   - '0.0.0.0' resolves to '0.0.0.0';
121019  8:57:54 [Note] Server socket created on IP: '0.0.0.0'.
121019  8:57:54 [Note] Event Scheduler: Loaded 0 events
121019  8:57:54 [Note] mysql\bin\mysqld.exe: ready for connections.
Version: '5.5.27'  socket: ''  port: 3306  MySQL Community Server (GPL)
121019  8:59:02 [Note] Plugin 'FEDERATED' is disabled.
121019  8:59:02 InnoDB: The InnoDB memory heap is disabled
121019  8:59:02 InnoDB: Mutexes and rw_locks use Windows interlocked functions
121019  8:59:02 InnoDB: Compressed tables use zlib 1.2.3
121019  8:59:02 InnoDB: Initializing buffer pool, size = 16.0M
121019  8:59:02 InnoDB: Completed initialization of buffer pool
121019  8:59:03 InnoDB: highest supported file format is Barracuda.
InnoDB: The log sequence number in ibdata files does not match
InnoDB: the log sequence number in the ib_logfiles!
121019  8:59:03  InnoDB: Database was not shut down normally!
InnoDB: Starting crash recovery.
InnoDB: Reading tablespace information from the .ibd files...
InnoDB: Restoring possible half-written data pages from the doublewrite
InnoDB: buffer...
121019  8:59:04  InnoDB: Waiting for the background threads to start
121019  8:59:05 InnoDB: 1.1.8 started; log sequence number 23743228
121019  8:59:05 [Note] Server hostname (bind-address): '0.0.0.0'; port: 3306
121019  8:59:05 [Note]   - '0.0.0.0' resolves to '0.0.0.0';
121019  8:59:05 [Note] Server socket created on IP: '0.0.0.0'.
121019  8:59:05 [Note] Event Scheduler: Loaded 0 events
121019  8:59:05 [Note] mysql\bin\mysqld.exe: ready for connections.
Version: '5.5.27'  socket: ''  port: 3306  MySQL Community Server (GPL)
121019  9:08:51 [Note] Plugin 'FEDERATED' is disabled.
121019  9:08:51 InnoDB: The InnoDB memory heap is disabled
121019  9:08:51 InnoDB: Mutexes and rw_locks use Windows interlocked functions
121019  9:08:51 InnoDB: Compressed tables use zlib 1.2.3
121019  9:08:51 InnoDB: Initializing buffer pool, size = 16.0M
121019  9:08:51 InnoDB: Completed initialization of buffer pool
121019  9:08:51 InnoDB: highest supported file format is Barracuda.
InnoDB: The log sequence number in ibdata files does not match
InnoDB: the log sequence number in the ib_logfiles!
121019  9:08:51  InnoDB: Database was not shut down normally!
InnoDB: Starting crash recovery.
InnoDB: Reading tablespace information from the .ibd files...
InnoDB: Restoring possible half-written data pages from the doublewrite
InnoDB: buffer...
121019  9:08:54  InnoDB: Waiting for the background threads to start
121019  9:08:55 InnoDB: 1.1.8 started; log sequence number 23743228
121019  9:08:55 [Note] Server hostname (bind-address): '0.0.0.0'; port: 3306
121019  9:08:55 [Note]   - '0.0.0.0' resolves to '0.0.0.0';
121019  9:08:55 [Note] Server socket created on IP: '0.0.0.0'.
121019  9:08:55 [Note] Event Scheduler: Loaded 0 events
121019  9:08:55 [Note] c:\xampp\mysql\bin\mysqld.exe: ready for connections.
Version: '5.5.27'  socket: ''  port: 3306  MySQL Community Server (GPL)
121019  9:54:42 [Note] Plugin 'FEDERATED' is disabled.
121019  9:55:12 InnoDB: The InnoDB memory heap is disabled
121019  9:55:27 InnoDB: Mutexes and rw_locks use Windows interlocked functions
121019  9:55:28 InnoDB: Compressed tables use zlib 1.2.3
121019  9:55:30 InnoDB: Initializing buffer pool, size = 16.0M
121019  9:55:32 InnoDB: Completed initialization of buffer pool
121019  9:55:32 InnoDB: highest supported file format is Barracuda.
InnoDB: The log sequence number in ibdata files does not match
InnoDB: the log sequence number in the ib_logfiles!
121019  9:55:32  InnoDB: Database was not shut down normally!
InnoDB: Starting crash recovery.
InnoDB: Reading tablespace information from the .ibd files...
InnoDB: Restoring possible half-written data pages from the doublewrite
InnoDB: buffer...
121019  9:55:33  InnoDB: Waiting for the background threads to start
121019  9:55:34 InnoDB: 1.1.8 started; log sequence number 25933611
121019  9:55:34 [Note] Server hostname (bind-address): '0.0.0.0'; port: 3306
121019  9:55:34 [Note]   - '0.0.0.0' resolves to '0.0.0.0';
121019  9:55:34 [Note] Server socket created on IP: '0.0.0.0'.
121019  9:55:35 [Note] Event Scheduler: Loaded 0 events
121019  9:55:35 [Note] c:\xampp\mysql\bin\mysqld.exe: ready for connections.
Version: '5.5.27'  socket: ''  port: 3306  MySQL Community Server (GPL)
121019 10:51:31 [Note] Plugin 'FEDERATED' is disabled.
121019 10:51:32 InnoDB: The InnoDB memory heap is disabled
121019 10:51:32 InnoDB: Mutexes and rw_locks use Windows interlocked functions
121019 10:51:32 InnoDB: Compressed tables use zlib 1.2.3
121019 10:51:32 InnoDB: Initializing buffer pool, size = 16.0M
121019 10:51:32 InnoDB: Completed initialization of buffer pool
121019 10:51:32  InnoDB: Operating system error number 32 in a file operation.
InnoDB: The error means that another program is using InnoDB's files.
InnoDB: This might be a backup or antivirus software or another instance
InnoDB: of MySQL. Please close it to get rid of this error.
121019 10:51:42  InnoDB: Operating system error number 32 in a file operation.
InnoDB: The error means that another program is using InnoDB's files.
InnoDB: This might be a backup or antivirus software or another instance
InnoDB: of MySQL. Please close it to get rid of this error.
121019 10:51:52  InnoDB: Operating system error number 32 in a file operation.
InnoDB: The error means that another program is using InnoDB's files.
InnoDB: This might be a backup or antivirus software or another instance
InnoDB: of MySQL. Please close it to get rid of this error.
121019 10:52:02  InnoDB: Operating system error number 32 in a file operation.
InnoDB: The error means that another program is using InnoDB's files.
InnoDB: This might be a backup or antivirus software or another instance
InnoDB: of MySQL. Please close it to get rid of this error.
121019 10:52:12  InnoDB: Operating system error number 32 in a file operation.
InnoDB: The error means that another program is using InnoDB's files.
InnoDB: This might be a backup or antivirus software or another instance
InnoDB: of MySQL. Please close it to get rid of this error.
121019 10:52:22  InnoDB: Operating system error number 32 in a file operation.
InnoDB: The error means that another program is using InnoDB's files.
InnoDB: This might be a backup or antivirus software or another instance
InnoDB: of MySQL. Please close it to get rid of this error.
121019 10:52:32 InnoDB: highest supported file format is Barracuda.
InnoDB: Log scan progressed past the checkpoint lsn 28211569
121019 10:52:32  InnoDB: Database was not shut down normally!
InnoDB: Starting crash recovery.
InnoDB: Reading tablespace information from the .ibd files...
InnoDB: Restoring possible half-written data pages from the doublewrite
InnoDB: buffer...
InnoDB: Doing recovery: scanned up to log sequence number 28236406
121019 10:52:32  InnoDB: Starting an apply batch of log records to the database...
InnoDB: Progress in percents: 2 3 4 5 6 7 8 9 10 11 12 13 14 15 16 17 18 19 20 21 22 23 24 25 26 27 28 29 30 31 32 33 34 35 36 37 38 39 40 41 42 43 44 45 46 47 48 49 50 51 52 53 54 55 56 57 58 59 60 61 62 63 64 65 66 67 68 69 70 71 72 73 74 75 76 77 78 79 80 81 82 83 84 85 86 87 88 89 90 91 92 93 94 95 96 97 98 99 
InnoDB: Apply batch completed
121019 10:52:33  InnoDB: Waiting for the background threads to start
121019 10:52:34 InnoDB: 1.1.8 started; log sequence number 28236406
121019 10:52:34 [Note] Server hostname (bind-address): '0.0.0.0'; port: 3306
121019 10:52:34 [Note]   - '0.0.0.0' resolves to '0.0.0.0';
121019 10:52:34 [Note] Server socket created on IP: '0.0.0.0'.
121019 10:52:34 [Note] Event Scheduler: Loaded 0 events
121019 10:52:34 [Note] C:\xampp\mysql\bin\mysqld: ready for connections.
Version: '5.5.27'  socket: ''  port: 3306  MySQL Community Server (GPL)
121019 10:53:23 [Note] C:\xampp\mysql\bin\mysqld: Normal shutdown

121019 10:53:23 [Note] Event Scheduler: Purging the queue. 0 events
121019 10:53:23  InnoDB: Starting shutdown...
121019 10:53:24  InnoDB: Shutdown completed; log sequence number 28236519
121019 10:53:24 [Note] C:\xampp\mysql\bin\mysqld: Shutdown complete

121019 10:54:44 [Note] Plugin 'FEDERATED' is disabled.
121019 10:54:44 InnoDB: The InnoDB memory heap is disabled
121019 10:54:44 InnoDB: Mutexes and rw_locks use Windows interlocked functions
121019 10:54:44 InnoDB: Compressed tables use zlib 1.2.3
121019 10:54:44 InnoDB: Initializing buffer pool, size = 16.0M
121019 10:54:44 InnoDB: Completed initialization of buffer pool
121019 10:54:44 InnoDB: highest supported file format is Barracuda.
121019 10:54:47  InnoDB: Waiting for the background threads to start
121019 10:54:48 InnoDB: 1.1.8 started; log sequence number 28236519
121019 10:54:48 [Note] Server hostname (bind-address): '0.0.0.0'; port: 3306
121019 10:54:48 [Note]   - '0.0.0.0' resolves to '0.0.0.0';
121019 10:54:48 [Note] Server socket created on IP: '0.0.0.0'.
121019 10:54:48 [Note] Event Scheduler: Loaded 0 events
121019 10:54:48 [Note] C:\xampp\mysql\bin\mysqld: ready for connections.
Version: '5.5.27'  socket: ''  port: 3306  MySQL Community Server (GPL)
121019 11:00:15 [Note] C:\xampp\mysql\bin\mysqld: Normal shutdown

121019 11:00:15 [Note] Event Scheduler: Purging the queue. 0 events
121019 11:00:15  InnoDB: Starting shutdown...
121019 11:00:15  InnoDB: Shutdown completed; log sequence number 28236519
121019 11:00:15 [Note] C:\xampp\mysql\bin\mysqld: Shutdown complete

121019 11:01:22 [Note] Plugin 'FEDERATED' is disabled.
121019 11:01:23 InnoDB: The InnoDB memory heap is disabled
121019 11:01:23 InnoDB: Mutexes and rw_locks use Windows interlocked functions
121019 11:01:23 InnoDB: Compressed tables use zlib 1.2.3
121019 11:01:23 InnoDB: Initializing buffer pool, size = 16.0M
121019 11:01:23 InnoDB: Completed initialization of buffer pool
121019 11:01:23 InnoDB: highest supported file format is Barracuda.
121019 11:01:25  InnoDB: Waiting for the background threads to start
121019 11:01:26 InnoDB: 1.1.8 started; log sequence number 28236519
121019 11:01:26 [Note] Server hostname (bind-address): '0.0.0.0'; port: 3306
121019 11:01:26 [Note]   - '0.0.0.0' resolves to '0.0.0.0';
121019 11:01:26 [Note] Server socket created on IP: '0.0.0.0'.
121019 11:01:27 [Note] Event Scheduler: Loaded 0 events
121019 11:01:27 [Note] C:\xampp\mysql\bin\mysqld: ready for connections.
Version: '5.5.27'  socket: ''  port: 3306  MySQL Community Server (GPL)
121024 10:33:14 [Note] C:\xampp\mysql\bin\mysqld: Normal shutdown

121024 10:33:14 [Note] Event Scheduler: Purging the queue. 0 events
121024 10:33:14  InnoDB: Starting shutdown...
121024 10:33:15  InnoDB: Shutdown completed; log sequence number 32596567
121024 10:33:15 [Note] C:\xampp\mysql\bin\mysqld: Shutdown complete

121024 11:14:53 [Note] Plugin 'FEDERATED' is disabled.
121024 11:14:53 InnoDB: The InnoDB memory heap is disabled
121024 11:14:53 InnoDB: Mutexes and rw_locks use Windows interlocked functions
121024 11:14:53 InnoDB: Compressed tables use zlib 1.2.3
121024 11:14:53 InnoDB: Initializing buffer pool, size = 16.0M
121024 11:14:53 InnoDB: Completed initialization of buffer pool
121024 11:14:53 InnoDB: highest supported file format is Barracuda.
121024 11:14:55  InnoDB: Waiting for the background threads to start
121024 11:14:56 InnoDB: 1.1.8 started; log sequence number 32596567
121024 11:14:56 [Note] Server hostname (bind-address): '0.0.0.0'; port: 3306
121024 11:14:56 [Note]   - '0.0.0.0' resolves to '0.0.0.0';
121024 11:14:56 [Note] Server socket created on IP: '0.0.0.0'.
121024 11:14:57 [Note] Event Scheduler: Loaded 0 events
121024 11:14:57 [Note] C:\xampp\mysql\bin\mysqld: ready for connections.
Version: '5.5.27'  socket: ''  port: 3306  MySQL Community Server (GPL)
121105 12:04:59 [Note] C:\xampp\mysql\bin\mysqld: Normal shutdown

121105 12:04:59 [Note] Event Scheduler: Purging the queue. 0 events
121105 12:04:59  InnoDB: Starting shutdown...
121105 12:05:00  InnoDB: Shutdown completed; log sequence number 168935640
121105 12:05:00 [Note] C:\xampp\mysql\bin\mysqld: Shutdown complete

121105 12:05:01 [Note] Plugin 'FEDERATED' is disabled.
121105 12:05:01 InnoDB: The InnoDB memory heap is disabled
121105 12:05:01 InnoDB: Mutexes and rw_locks use Windows interlocked functions
121105 12:05:01 InnoDB: Compressed tables use zlib 1.2.3
121105 12:05:01 InnoDB: Initializing buffer pool, size = 16.0M
121105 12:05:01 InnoDB: Completed initialization of buffer pool
121105 12:05:02 InnoDB: highest supported file format is Barracuda.
121105 12:05:02  InnoDB: Waiting for the background threads to start
121105 12:05:03 InnoDB: 1.1.8 started; log sequence number 168935640
121105 12:05:03 [Note] Server hostname (bind-address): '0.0.0.0'; port: 3306
121105 12:05:03 [Note]   - '0.0.0.0' resolves to '0.0.0.0';
121105 12:05:03 [Note] Server socket created on IP: '0.0.0.0'.
121105 12:05:03 [Note] Event Scheduler: Loaded 0 events
121105 12:05:03 [Note] C:\xampp\mysql\bin\mysqld: ready for connections.
Version: '5.5.27'  socket: ''  port: 3306  MySQL Community Server (GPL)
121105 15:29:51 [Note] C:\xampp\mysql\bin\mysqld: Normal shutdown

121105 15:29:51 [Note] Event Scheduler: Purging the queue. 0 events
121105 15:29:51  InnoDB: Starting shutdown...
121105 15:29:52  InnoDB: Shutdown completed; log sequence number 168936214
121105 15:29:52 [Note] C:\xampp\mysql\bin\mysqld: Shutdown complete

121105 15:32:26 [Note] Plugin 'FEDERATED' is disabled.
121105 15:32:26 InnoDB: The InnoDB memory heap is disabled
121105 15:32:26 InnoDB: Mutexes and rw_locks use Windows interlocked functions
121105 15:32:26 InnoDB: Compressed tables use zlib 1.2.3
121105 15:32:26 InnoDB: Initializing buffer pool, size = 16.0M
121105 15:32:26 InnoDB: Completed initialization of buffer pool
121105 15:32:26 InnoDB: highest supported file format is Barracuda.
121105 15:32:26  InnoDB: Waiting for the background threads to start
121105 15:32:27 InnoDB: 1.1.8 started; log sequence number 168936214
121105 15:32:27 [Note] Server hostname (bind-address): '0.0.0.0'; port: 3306
121105 15:32:27 [Note]   - '0.0.0.0' resolves to '0.0.0.0';
121105 15:32:27 [Note] Server socket created on IP: '0.0.0.0'.
121105 15:32:27 [Note] Event Scheduler: Loaded 0 events
121105 15:32:27 [Note] C:\xampp\mysql\bin\mysqld: ready for connections.
Version: '5.5.27'  socket: ''  port: 3306  MySQL Community Server (GPL)
121105 15:35:24 [Note] C:\xampp\mysql\bin\mysqld: Normal shutdown

121105 15:35:24 [Note] Event Scheduler: Purging the queue. 0 events
121105 15:35:24  InnoDB: Starting shutdown...
121105 15:35:26  InnoDB: Shutdown completed; log sequence number 168936224
121105 15:35:26 [Note] C:\xampp\mysql\bin\mysqld: Shutdown complete

121105 15:47:06 [Note] Plugin 'FEDERATED' is disabled.
121105 15:47:06 InnoDB: The InnoDB memory heap is disabled
121105 15:47:06 InnoDB: Mutexes and rw_locks use Windows interlocked functions
121105 15:47:06 InnoDB: Compressed tables use zlib 1.2.3
121105 15:47:06 InnoDB: Initializing buffer pool, size = 16.0M
121105 15:47:06 InnoDB: Completed initialization of buffer pool
121105 15:47:06 InnoDB: highest supported file format is Barracuda.
121105 15:47:06  InnoDB: Waiting for the background threads to start
121105 15:47:07 InnoDB: 1.1.8 started; log sequence number 168936224
121105 15:47:07 [Note] Server hostname (bind-address): '0.0.0.0'; port: 3306
121105 15:47:07 [Note]   - '0.0.0.0' resolves to '0.0.0.0';
121105 15:47:07 [Note] Server socket created on IP: '0.0.0.0'.
121105 15:47:07 [Note] Event Scheduler: Loaded 0 events
121105 15:47:07 [Note] C:\xampp\mysql\bin\mysqld: ready for connections.
Version: '5.5.27'  socket: ''  port: 3306  MySQL Community Server (GPL)
121105 16:10:22 [Note] C:\xampp\mysql\bin\mysqld: Normal shutdown

121105 16:10:22 [Note] Event Scheduler: Purging the queue. 0 events
121105 16:10:22  InnoDB: Starting shutdown...
121105 16:10:23  InnoDB: Shutdown completed; log sequence number 169055340
121105 16:10:23 [Note] C:\xampp\mysql\bin\mysqld: Shutdown complete

121105 16:10:34 [Note] Plugin 'FEDERATED' is disabled.
121105 16:10:34 InnoDB: The InnoDB memory heap is disabled
121105 16:10:34 InnoDB: Mutexes and rw_locks use Windows interlocked functions
121105 16:10:34 InnoDB: Compressed tables use zlib 1.2.3
121105 16:10:34 InnoDB: Initializing buffer pool, size = 16.0M
121105 16:10:34 InnoDB: Completed initialization of buffer pool
121105 16:10:34 InnoDB: highest supported file format is Barracuda.
121105 16:10:35  InnoDB: Waiting for the background threads to start
121105 16:10:36 InnoDB: 1.1.8 started; log sequence number 169055340
121105 16:10:36 [Note] Server hostname (bind-address): '0.0.0.0'; port: 3306
121105 16:10:36 [Note]   - '0.0.0.0' resolves to '0.0.0.0';
121105 16:10:36 [Note] Server socket created on IP: '0.0.0.0'.
121105 16:10:36 [Note] Event Scheduler: Loaded 0 events
121105 16:10:36 [Note] C:\xampp\mysql\bin\mysqld: ready for connections.
Version: '5.5.27'  socket: ''  port: 3306  MySQL Community Server (GPL)
121105 16:13:47 [Note] C:\xampp\mysql\bin\mysqld: Normal shutdown

121105 16:13:47 [Note] Event Scheduler: Purging the queue. 0 events
121105 16:13:47  InnoDB: Starting shutdown...
121105 16:13:48  InnoDB: Shutdown completed; log sequence number 169086449
121105 16:13:48 [Note] C:\xampp\mysql\bin\mysqld: Shutdown complete

121105 16:13:59 [Note] Plugin 'FEDERATED' is disabled.
121105 16:13:59 InnoDB: The InnoDB memory heap is disabled
121105 16:13:59 InnoDB: Mutexes and rw_locks use Windows interlocked functions
121105 16:13:59 InnoDB: Compressed tables use zlib 1.2.3
121105 16:13:59 InnoDB: Initializing buffer pool, size = 16.0M
121105 16:13:59 InnoDB: Completed initialization of buffer pool
121105 16:13:59 InnoDB: highest supported file format is Barracuda.
121105 16:13:59  InnoDB: Waiting for the background threads to start
121105 16:14:00 InnoDB: 1.1.8 started; log sequence number 169086449
121105 16:14:00 [Note] Server hostname (bind-address): '0.0.0.0'; port: 3306
121105 16:14:00 [Note]   - '0.0.0.0' resolves to '0.0.0.0';
121105 16:14:00 [Note] Server socket created on IP: '0.0.0.0'.
121105 16:14:00 [Note] Event Scheduler: Loaded 0 events
121105 16:14:00 [Note] C:\xampp\mysql\bin\mysqld: ready for connections.
Version: '5.5.27'  socket: ''  port: 3306  MySQL Community Server (GPL)
121107 16:54:48 [Note] C:\xampp\mysql\bin\mysqld: Normal shutdown

121107 16:54:48 [Note] Event Scheduler: Purging the queue. 0 events
121107 16:54:48  InnoDB: Starting shutdown...
121107 16:54:48  InnoDB: Shutdown completed; log sequence number 175922665
121107 16:54:48 [Note] C:\xampp\mysql\bin\mysqld: Shutdown complete

121107 16:56:17 [Note] Plugin 'FEDERATED' is disabled.
121107 16:56:17 InnoDB: The InnoDB memory heap is disabled
121107 16:56:17 InnoDB: Mutexes and rw_locks use Windows interlocked functions
121107 16:56:17 InnoDB: Compressed tables use zlib 1.2.3
121107 16:56:17 InnoDB: Initializing buffer pool, size = 16.0M
121107 16:56:17 InnoDB: Completed initialization of buffer pool
121107 16:56:17 InnoDB: highest supported file format is Barracuda.
121107 16:56:19  InnoDB: Waiting for the background threads to start
121107 16:56:20 InnoDB: 1.1.8 started; log sequence number 175922665
121107 16:56:20 [Note] Server hostname (bind-address): '0.0.0.0'; port: 3306
121107 16:56:20 [Note]   - '0.0.0.0' resolves to '0.0.0.0';
121107 16:56:20 [Note] Server socket created on IP: '0.0.0.0'.
121107 16:56:20 [Note] Event Scheduler: Loaded 0 events
121107 16:56:20 [Note] C:\xampp\mysql\bin\mysqld: ready for connections.
Version: '5.5.27'  socket: ''  port: 3306  MySQL Community Server (GPL)
121114 13:47:41 [Note] C:\xampp\mysql\bin\mysqld: Normal shutdown

121114 13:47:41 [Note] Event Scheduler: Purging the queue. 0 events
121114 13:47:41  InnoDB: Starting shutdown...
121114 13:47:43  InnoDB: Shutdown completed; log sequence number 259687152
121114 13:47:43 [Note] C:\xampp\mysql\bin\mysqld: Shutdown complete

121114 13:47:43 [Note] Plugin 'FEDERATED' is disabled.
121114 13:47:43 InnoDB: The InnoDB memory heap is disabled
121114 13:47:43 InnoDB: Mutexes and rw_locks use Windows interlocked functions
121114 13:47:43 InnoDB: Compressed tables use zlib 1.2.3
121114 13:47:43 InnoDB: Initializing buffer pool, size = 16.0M
121114 13:47:43 InnoDB: Completed initialization of buffer pool
121114 13:47:43 InnoDB: highest supported file format is Barracuda.
121114 13:47:43  InnoDB: Waiting for the background threads to start
121114 13:47:45 InnoDB: 1.1.8 started; log sequence number 259687152
121114 13:47:45 [Note] Server hostname (bind-address): '0.0.0.0'; port: 3306
121114 13:47:45 [Note]   - '0.0.0.0' resolves to '0.0.0.0';
121114 13:47:45 [Note] Server socket created on IP: '0.0.0.0'.
121114 13:47:45 [Note] Event Scheduler: Loaded 0 events
121114 13:47:45 [Note] C:\xampp\mysql\bin\mysqld: ready for connections.
Version: '5.5.27'  socket: ''  port: 3306  MySQL Community Server (GPL)
121114 14:08:51 [Note] C:\xampp\mysql\bin\mysqld: Normal shutdown

121114 14:08:51 [Note] Event Scheduler: Purging the queue. 0 events
121114 14:08:52  InnoDB: Starting shutdown...
121114 14:08:54  InnoDB: Shutdown completed; log sequence number 259691807
121114 14:08:54 [Note] C:\xampp\mysql\bin\mysqld: Shutdown complete

121114 14:08:56 [Note] Plugin 'FEDERATED' is disabled.
121114 14:08:56 InnoDB: The InnoDB memory heap is disabled
121114 14:08:56 InnoDB: Mutexes and rw_locks use Windows interlocked functions
121114 14:08:56 InnoDB: Compressed tables use zlib 1.2.3
121114 14:08:57 InnoDB: Initializing buffer pool, size = 16.0M
121114 14:08:57 InnoDB: Completed initialization of buffer pool
121114 14:08:57 InnoDB: highest supported file format is Barracuda.
121114 14:08:57  InnoDB: Waiting for the background threads to start
121114 14:08:58 InnoDB: 1.1.8 started; log sequence number 259691807
121114 14:08:58 [Note] Server hostname (bind-address): '0.0.0.0'; port: 3306
121114 14:08:58 [Note]   - '0.0.0.0' resolves to '0.0.0.0';
121114 14:08:58 [Note] Server socket created on IP: '0.0.0.0'.
121114 14:08:58 [Note] Event Scheduler: Loaded 0 events
121114 14:08:58 [Note] C:\xampp\mysql\bin\mysqld: ready for connections.
Version: '5.5.27'  socket: ''  port: 3306  MySQL Community Server (GPL)
121129 11:58:16 [Note] Plugin 'FEDERATED' is disabled.
121129 11:58:16 InnoDB: The InnoDB memory heap is disabled
121129 11:58:16 InnoDB: Mutexes and rw_locks use Windows interlocked functions
121129 11:58:16 InnoDB: Compressed tables use zlib 1.2.3
121129 11:58:16 InnoDB: Initializing buffer pool, size = 16.0M
121129 11:58:16 InnoDB: Completed initialization of buffer pool
121129 11:58:17 InnoDB: highest supported file format is Barracuda.
InnoDB: The log sequence number in ibdata files does not match
InnoDB: the log sequence number in the ib_logfiles!
121129 11:58:17  InnoDB: Database was not shut down normally!
InnoDB: Starting crash recovery.
InnoDB: Reading tablespace information from the .ibd files...
InnoDB: Restoring possible half-written data pages from the doublewrite
InnoDB: buffer...
121129 11:58:18  InnoDB: Waiting for the background threads to start
121129 11:58:19 InnoDB: 1.1.8 started; log sequence number 514146506
121129 11:58:19 [Note] Server hostname (bind-address): '0.0.0.0'; port: 3306
121129 11:58:19 [Note]   - '0.0.0.0' resolves to '0.0.0.0';
121129 11:58:19 [Note] Server socket created on IP: '0.0.0.0'.
121129 11:58:19 [Note] Event Scheduler: Loaded 0 events
121129 11:58:19 [Note] C:\xampp\mysql\bin\mysqld: ready for connections.
Version: '5.5.27'  socket: ''  port: 3306  MySQL Community Server (GPL)
121129 17:39:11 [Note] C:\xampp\mysql\bin\mysqld: Normal shutdown

121129 17:39:11 [Note] Event Scheduler: Purging the queue. 0 events
121129 17:39:12  InnoDB: Starting shutdown...
121129 17:39:14  InnoDB: Shutdown completed; log sequence number 514297632
121129 17:39:15 [Note] C:\xampp\mysql\bin\mysqld: Shutdown complete

121130  7:50:37 [Note] Plugin 'FEDERATED' is disabled.
121130  7:50:37 InnoDB: The InnoDB memory heap is disabled
121130  7:50:37 InnoDB: Mutexes and rw_locks use Windows interlocked functions
121130  7:50:37 InnoDB: Compressed tables use zlib 1.2.3
121130  7:50:37 InnoDB: Initializing buffer pool, size = 16.0M
121130  7:50:37 InnoDB: Completed initialization of buffer pool
121130  7:50:38 InnoDB: highest supported file format is Barracuda.
121130  7:50:41  InnoDB: Waiting for the background threads to start
121130  7:50:42 InnoDB: 1.1.8 started; log sequence number 514297632
121130  7:50:42 [Note] Server hostname (bind-address): '0.0.0.0'; port: 3306
121130  7:50:42 [Note]   - '0.0.0.0' resolves to '0.0.0.0';
121130  7:50:42 [Note] Server socket created on IP: '0.0.0.0'.
121130  7:50:43 [Note] Event Scheduler: Loaded 0 events
121130  7:50:43 [Note] C:\xampp\mysql\bin\mysqld: ready for connections.
Version: '5.5.27'  socket: ''  port: 3306  MySQL Community Server (GPL)
121130 12:40:14 [Note] C:\xampp\mysql\bin\mysqld: Normal shutdown

121130 12:40:15 [Note] Event Scheduler: Purging the queue. 0 events
121130 12:40:15  InnoDB: Starting shutdown...
121130 12:40:16  InnoDB: Shutdown completed; log sequence number 514793934
121130 12:40:16 [Note] C:\xampp\mysql\bin\mysqld: Shutdown complete

